<?xml version="1.0" encoding="UTF-8"?>
<testng-results ignored="0" total="1" passed="1" failed="0" skipped="0">
  <reporter-output>
  </reporter-output>
  <suite started-at="2024-10-15T11:56:42 GMT-07:00" name="Default suite" finished-at="2024-10-15T11:57:26 GMT-07:00" duration-ms="44500">
    <groups>
    </groups>
    <test started-at="2024-10-15T11:56:42 GMT-07:00" name="Default test" finished-at="2024-10-15T11:57:26 GMT-07:00" duration-ms="44500">
      <class name="product.CreateProductAndDeleteTest">
        <test-method is-config="true" signature="BS()[pri:0, instance:product.CreateProductAndDeleteTest@436813f3]" started-at="2024-10-15T11:56:42 GMT-07:00" name="BS" finished-at="2024-10-15T11:56:42 GMT-07:00" duration-ms="18" status="PASS">
          <reporter-output>
          </reporter-output>
        </test-method> <!-- BS -->
        <test-method is-config="true" signature="BT()[pri:0, instance:product.CreateProductAndDeleteTest@436813f3]" started-at="2024-10-15T11:56:42 GMT-07:00" name="BT" finished-at="2024-10-15T11:56:42 GMT-07:00" duration-ms="2" status="PASS">
          <reporter-output>
          </reporter-output>
        </test-method> <!-- BT -->
        <test-method is-config="true" signature="BC()[pri:0, instance:product.CreateProductAndDeleteTest@436813f3]" started-at="2024-10-15T11:56:42 GMT-07:00" name="BC" finished-at="2024-10-15T11:56:46 GMT-07:00" duration-ms="3878" status="PASS">
          <reporter-output>
          </reporter-output>
        </test-method> <!-- BC -->
        <test-method is-config="true" signature="BM()[pri:0, instance:product.CreateProductAndDeleteTest@436813f3]" started-at="2024-10-15T11:56:46 GMT-07:00" name="BM" finished-at="2024-10-15T11:56:51 GMT-07:00" duration-ms="5529" status="PASS">
          <reporter-output>
          </reporter-output>
        </test-method> <!-- BM -->
        <test-method signature="createProductAndDeleteTest()[pri:0, instance:product.CreateProductAndDeleteTest@436813f3]" started-at="2024-10-15T11:56:51 GMT-07:00" name="createProductAndDeleteTest" finished-at="2024-10-15T11:57:23 GMT-07:00" duration-ms="32207" status="PASS">
          <reporter-output>
          </reporter-output>
        </test-method> <!-- createProductAndDeleteTest -->
        <test-method is-config="true" signature="AM()[pri:0, instance:product.CreateProductAndDeleteTest@436813f3]" started-at="2024-10-15T11:57:23 GMT-07:00" name="AM" finished-at="2024-10-15T11:57:26 GMT-07:00" duration-ms="2222" status="PASS">
          <reporter-output>
          </reporter-output>
        </test-method> <!-- AM -->
        <test-method is-config="true" signature="AC()[pri:0, instance:product.CreateProductAndDeleteTest@436813f3]" started-at="2024-10-15T11:57:26 GMT-07:00" name="AC" finished-at="2024-10-15T11:57:26 GMT-07:00" duration-ms="566" status="PASS">
          <reporter-output>
          </reporter-output>
        </test-method> <!-- AC -->
        <test-method is-config="true" signature="AT()[pri:0, instance:product.CreateProductAndDeleteTest@436813f3]" started-at="2024-10-15T11:57:26 GMT-07:00" name="AT" finished-at="2024-10-15T11:57:26 GMT-07:00" duration-ms="1" status="PASS">
          <reporter-output>
          </reporter-output>
        </test-method> <!-- AT -->
        <test-method is-config="true" signature="AS()[pri:0, instance:product.CreateProductAndDeleteTest@436813f3]" started-at="2024-10-15T11:57:26 GMT-07:00" name="AS" finished-at="2024-10-15T11:57:26 GMT-07:00" duration-ms="1" status="PASS">
          <reporter-output>
          </reporter-output>
        </test-method> <!-- AS -->
      </class> <!-- product.CreateProductAndDeleteTest -->
    </test> <!-- Default test -->
  </suite> <!-- Default suite -->
</testng-results>
