# JRE version: Java(TM) SE Runtime Environment (17.0.11+7) (build 17.0.11+7-LTS-207)
# Java VM: Java HotSpot(TM) 64-Bit Server VM (17.0.11+7-LTS-207, mixed mode, sharing, tiered, compressed oops, compressed class ptrs, g1 gc, windows-amd64)
GC Precious Log:
 CPUs: 4 total, 4 available
 Memory: 5942M
 Large Page Support: Disabled
 NUMA Support: Disabled
 Compressed Oops: Enabled (32-bit)
 Heap Region Size: 1M
 Heap Min Capacity: 8M
 Heap Initial Capacity: 94M
 Heap Max Capacity: 1486M
 Pre-touch: Disabled
 Parallel Workers: 4
 Concurrent Workers: 1
 Concurrent Refinement Workers: 4
 Periodic GC: Disabled
Heap:
 garbage-first heap   total 96256K, used 13447K [0x00000000a3200000, 0x0000000100000000)
  region size 1024K, 8 young (8192K), 4 survivors (4096K)
 Metaspace       used 17268K, committed 17536K, reserved 1114112K
  class space    used 2079K, committed 2240K, reserved 1048576K
GC Heap History (6 events):
Event: 1.871 GC heap before
{Heap before GC invocations=0 (full 0):
 garbage-first heap   total 96256K, used 12288K [0x00000000a3200000, 0x0000000100000000)
  region size 1024K, 13 young (13312K), 0 survivors (0K)
 Metaspace       used 4559K, committed 4736K, reserved 1114112K
  class space    used 486K, committed 576K, reserved 1048576K
}
Event: 1.881 GC heap after
{Heap after GC invocations=1 (full 0):
 garbage-first heap   total 96256K, used 6261K [0x00000000a3200000, 0x0000000100000000)
  region size 1024K, 2 young (2048K), 2 survivors (2048K)
 Metaspace       used 4559K, committed 4736K, reserved 1114112K
  class space    used 486K, committed 576K, reserved 1048576K
}
Event: 2.602 GC heap before
{Heap before GC invocations=1 (full 0):
 garbage-first heap   total 96256K, used 15477K [0x00000000a3200000, 0x0000000100000000)
  region size 1024K, 11 young (11264K), 2 survivors (2048K)
 Metaspace       used 7152K, committed 7296K, reserved 1114112K
  class space    used 819K, committed 896K, reserved 1048576K
}
Event: 2.611 GC heap after
{Heap after GC invocations=2 (full 0):
 garbage-first heap   total 96256K, used 7011K [0x00000000a3200000, 0x0000000100000000)
  region size 1024K, 1 young (1024K), 1 survivors (1024K)
 Metaspace       used 7152K, committed 7296K, reserved 1114112K
  class space    used 819K, committed 896K, reserved 1048576K
}
Event: 8.377 GC heap before
{Heap before GC invocations=2 (full 0):
 garbage-first heap   total 96256K, used 31587K [0x00000000a3200000, 0x0000000100000000)
  region size 1024K, 26 young (26624K), 1 survivors (1024K)
 Metaspace       used 15831K, committed 16064K, reserved 1114112K
  class space    used 1869K, committed 1984K, reserved 1048576K
}
Event: 8.389 GC heap after
{Heap after GC invocations=3 (full 0):
 garbage-first heap   total 96256K, used 10375K [0x00000000a3200000, 0x0000000100000000)
  region size 1024K, 4 young (4096K), 4 survivors (4096K)
 Metaspace       used 15831K, committed 16064K, reserved 1114112K
  class space    used 1869K, committed 1984K, reserved 1048576K
}

