<?xml version="1.0" encoding="UTF-8"?>
<!-- Generated by org.testng.reporters.JUnitXMLReporter -->
<testsuite ignored="5" hostname="DESKTOP-BB6NM3K" failures="0" tests="2" name="Test" time="99.267" errors="0" timestamp="2024-10-07T02:04:35 GMT-07:00">
  <testcase classname="campaign.CreateCampaiAGnTest" name="createProductTest" time="33.271"/>
  <testcase classname="organization.CreateOrganiZATIONtstTest" name="createOrganiZATIONtstTest" time="31.125"/>
  <testcase classname="campaign.CreateCampaiAGnTest" name="createCampaiAGnTest" time="0.0">
    <ignored/>
  </testcase> <!-- createCampaiAGnTest -->
  <testcase classname="genericutility.BaseClass" name="@BeforeTest BT" time="0.0">
    <ignored/>
  </testcase> <!-- @BeforeTest BT -->
  <testcase classname="genericutility.BaseClass" name="@AfterSuite AS" time="0.0">
    <ignored/>
  </testcase> <!-- @AfterSuite AS -->
  <testcase classname="genericutility.BaseClass" name="@AfterTest AT" time="0.0">
    <ignored/>
  </testcase> <!-- @AfterTest AT -->
  <testcase classname="genericutility.BaseClass" name="@BeforeSuite BS" time="0.0">
    <ignored/>
  </testcase> <!-- @BeforeSuite BS -->
</testsuite> <!-- Test -->
