<?xml version="1.0" encoding="UTF-8"?>
<!-- Generated by org.testng.reporters.JUnitXMLReporter -->
<testsuite ignored="4" hostname="DESKTOP-BB6NM3K" failures="0" tests="2" name="Test" time="156.408" errors="0" timestamp="2024-10-15T00:04:14 GMT-07:00">
  <testcase classname="product.CreateProductTest" name="createProductTest" time="50.127"/>
  <testcase classname="campaign.CreateCampaiAGnTest" name="createCampaiAGnTest" time="47.063"/>
  <testcase classname="genericutility.BaseClass" name="@BeforeTest BT" time="0.0">
    <ignored/>
  </testcase> <!-- @BeforeTest BT -->
  <testcase classname="genericutility.BaseClass" name="@AfterSuite AS" time="0.0">
    <ignored/>
  </testcase> <!-- @AfterSuite AS -->
  <testcase classname="genericutility.BaseClass" name="@AfterTest AT" time="0.0">
    <ignored/>
  </testcase> <!-- @AfterTest AT -->
  <testcase classname="genericutility.BaseClass" name="@BeforeSuite BS" time="0.0">
    <ignored/>
  </testcase> <!-- @BeforeSuite BS -->
</testsuite> <!-- Test -->
